Traceback (most recent call last):
  File "./db_monitor", line 3, in <module>
    from apps.explorer.db.monitor import main
  File "/home/cpc/PycharmProjects/cpchain_test/apps/explorer/db/monitor.py", line 7, in <module>
    from fusion.web3 import Web3
  File "/home/cpc/PycharmProjects/cpchain_test/fusion/web3/__init__.py", line 18, in <module>
    from web3.main import Web3  # noqa: E402
ModuleNotFoundError: No module named 'web3.main'
Traceback (most recent call last):
  File "./db_monitor", line 3, in <module>
    from apps.explorer.db.monitor import main
  File "/home/cpc/PycharmProjects/cpchain_test/apps/explorer/db/monitor.py", line 7, in <module>
    from fusion.web3 import Web3
  File "/home/cpc/PycharmProjects/cpchain_test/fusion/web3/__init__.py", line 18, in <module>
    from web3.main import Web3  # noqa: E402
ModuleNotFoundError: No module named 'web3.main'
Traceback (most recent call last):
  File "./db_monitor", line 3, in <module>
    from apps.explorer.db.monitor import main
  File "/home/cpc/PycharmProjects/cpchain_test/apps/explorer/db/monitor.py", line 7, in <module>
    from fusion.web3 import Web3
  File "/home/cpc/PycharmProjects/cpchain_test/fusion/web3/__init__.py", line 18, in <module>
    from web3.main import Web3  # noqa: E402
ModuleNotFoundError: No module named 'web3.main'
